Content-Type: text/plain; charset="utf-8"
MIME-Version: 1.0
Content-Transfer-Encoding: quoted-printable
Subject: python
From: scientiste96@gmail.com
To: massalylamine22@gmail.com
Date: Fri, 19 Aug 2022 17:56:20 -0000
Message-ID: 
 <166093178096.15320.3293864121205544326@DESKTOP-MI6BAK6.winucad.sn>

Lorem Ipsum is simply dummy text of the printing and typesetting industry. =
Lorem Ipsum has been the industry's standard dummy text ever since the 1500=
s, when an unknown printer took a galley of type and scrambled it to make a=
 type specimen book. It has survived not only five centuries, but also the =
leap into electronic typesetting, remaining essentially unchanged. It was p=
opularised in the 1960s with the release of Letraset sheets containing Lore=
m Ipsum passages, and more recently with desktop publishing software like A=
ldus PageMaker including versions of Lorem Ipsum.Lorem Ipsum is simply dumm=
y text of the printing and typesetting industry. Lorem Ipsum has been the i=
ndustry's standard dummy text ever since the 1500s, when an unknown printer=
 took a galley of type and scrambled it to make a type specimen book. It ha=
s survived not only five centuries, but also the leap into electronic types=
etting, remaining essentially unchanged. It was popularised in the 1960s wi=
th the release of Letraset sheets containing Lorem Ipsum passages, and more=
 recently with desktop publishing software like Aldus PageMaker including v=
ersions of Lorem Ipsum.Lorem Ipsum is simply dummy text of the printing and=
 typesetting industry. Lorem Ipsum has been the industry's standard dummy t=
ext ever since the 1500s, when an unknown printer took a galley of type and=
 scrambled it to make a type specimen book. It has survived not only five c=
enturies, but also the leap into electronic typesetting, remaining essentia=
lly unchanged. It was popularised in the 1960s with the release of Letraset=
 sheets containing Lorem Ipsum passages, and more recently with desktop pub=
lishing software like Aldus PageMaker including versions of Lorem Ipsum.
-------------------------------------------------------------------------------
